<?xml version="1.0" encoding="UTF-8"?>
<testsuite name="com.greenhouseci.FailureTest" time="37.305" tests="1" errors="1" skipped="0" failures="0">
  <properties>
[...]
</properties>
  <testcase name="doesNotHaveText" classname="com.greenhouseci.FailureTest" time="37.305">
    <error message="An element could not be located on the page using the given search parameters. (WARNING: The server did not provide any stacktrace information)&#10;Command duration or timeout: 30.22 seconds&#10;For documentation on this error, please visit: http://seleniumhq.org/exceptions/no_such_element.html&#10;Build info: version: &apos;2.42.1&apos;, revision: &apos;68b415adb11acca4286be45124325cc36cfc4a51&apos;, time: &apos;2014-05-29 09:21:55&apos;&#10;System info: host: &apos;priit-pc&apos;, ip: &apos;127.0.1.1&apos;, os.name: &apos;Linux&apos;, os.arch: &apos;amd64&apos;, os.version: &apos;3.13.0-44-generic&apos;, java.version: &apos;1.7.0_75&apos;&#10;Session ID: 53657a96-f14e-4b55-a952-3dc31ea3d006&#10;Driver info: io.appium.java_client.AppiumDriver&#10;Capabilities [{platform=LINUX, app=/home/priit/cryptodev/git/GreenhouseCI-Android/GreenhouseCI/appium/java/../../build/outputs/apk/GreenhouseCI-debug.apk, javascriptEnabled=true, browserName=Android, networkConnectionEnabled=true, desired={platformVersion=4.3, app=/home/priit/cryptodev/git/GreenhouseCI-Android/GreenhouseCI/appium/java/../../build/outputs/apk/GreenhouseCI-debug.apk, platformName=Android, deviceName=Android, appium-version=1.1.0, name=Java Android tutorial Fri Feb 13 16:51:16 EET 2015}, locationContextEnabled=false, platformVersion=4.3, databaseEnabled=false, deviceName=Android, platformName=Android, appium-version=1.1.0, webStorageEnabled=false, name=Java Android tutorial Fri Feb 13 16:51:16 EET 2015, warnings={}, takesScreenshot=true}]" type="org.openqa.selenium.NoSuchElementException">org.openqa.selenium.NoSuchElementException: An element could not be located on the page using the given search parameters. (WARNING: The server did not provide any stacktrace information)
Command duration or timeout: 30.22 seconds
For documentation on this error, please visit: http://seleniumhq.org/exceptions/no_such_element.html
Build info: version: '2.42.1', revision: '68b415adb11acca4286be45124325cc36cfc4a51', time: '2014-05-29 09:21:55'
System info: host: 'priit-pc', ip: '127.0.1.1', os.name: 'Linux', os.arch: 'amd64', os.version: '3.13.0-44-generic', java.version: '1.7.0_75'
Session ID: 53657a96-f14e-4b55-a952-3dc31ea3d006
Driver info: io.appium.java_client.AppiumDriver
Capabilities [{platform=LINUX, app=/home/priit/cryptodev/git/GreenhouseCI-Android/GreenhouseCI/appium/java/../../build/outputs/apk/GreenhouseCI-debug.apk, javascriptEnabled=true, browserName=Android, networkConnectionEnabled=true, desired={platformVersion=4.3, app=/home/priit/cryptodev/git/GreenhouseCI-Android/GreenhouseCI/appium/java/../../build/outputs/apk/GreenhouseCI-debug.apk, platformName=Android, deviceName=Android, appium-version=1.1.0, name=Java Android tutorial Fri Feb 13 16:51:16 EET 2015}, locationContextEnabled=false, platformVersion=4.3, databaseEnabled=false, deviceName=Android, platformName=Android, appium-version=1.1.0, webStorageEnabled=false, name=Java Android tutorial Fri Feb 13 16:51:16 EET 2015, warnings={}, takesScreenshot=true}]
	at sun.reflect.NativeConstructorAccessorImpl.newInstance0(Native Method)
	at sun.reflect.NativeConstructorAccessorImpl.newInstance(NativeConstructorAccessorImpl.java:57)
	at sun.reflect.DelegatingConstructorAccessorImpl.newInstance(DelegatingConstructorAccessorImpl.java:45)
	at java.lang.reflect.Constructor.newInstance(Constructor.java:526)
	at org.openqa.selenium.remote.ErrorHandler.createThrowable(ErrorHandler.java:204)
	at org.openqa.selenium.remote.ErrorHandler.throwIfResponseFailed(ErrorHandler.java:156)
	at org.openqa.selenium.remote.RemoteWebDriver.execute(RemoteWebDriver.java:600)
	at io.appium.java_client.AppiumDriver.execute(AppiumDriver.java:82)
	at org.openqa.selenium.remote.RemoteWebDriver.findElement(RemoteWebDriver.java:353)
	at org.openqa.selenium.remote.RemoteWebDriver.findElementByXPath(RemoteWebDriver.java:450)
	at org.openqa.selenium.By$ByXPath.findElement(By.java:357)
	at org.openqa.selenium.remote.RemoteWebDriver.findElement(RemoteWebDriver.java:345)
	at com.greenhouseci.util.Helpers.element(Helpers.java:65)
	at com.greenhouseci.util.Helpers.text(Helpers.java:114)
	at com.greenhouseci.FailureTest.doesNotHaveText(FailureTest.java:12)
</error>
    <system-out><![CDATA[  test: doesNotHaveText
]]></system-out>
  </testcase>
</testsuite>