<?xml version="1.0" encoding="UTF-8"?><testsuite name="nosetests" tests="7" errors="1" failures="3" skip="0"><testcase classname="error_test.SimpleAndroidTests" name="test_error" time="4.773"><error type="exceptions.NameError" message="global name 'text' is not defined&#10;-------------------- &gt;&gt; begin captured logging &lt;&lt; --------------------&#10;selenium.webdriver.remote.remote_connection: DEBUG: POST http://127.0.0.1:4723/wd/hub/session {&quot;desiredCapabilities&quot;: {&quot;platformVersion&quot;: &quot;4.2&quot;, &quot;deviceName&quot;: &quot;Android Emulator&quot;, &quot;app&quot;: &quot;/home/priit/cryptodev/git/GreenhouseCI-Android/GreenhouseCI/build/outputs/apk/GreenhouseCI-debug.apk&quot;, &quot;platformName&quot;: &quot;Android&quot;}}&#10;selenium.webdriver.remote.remote_connection: DEBUG: Finished Request&#10;--------------------- &gt;&gt; end captured logging &lt;&lt; ---------------------"><![CDATA[  File "/usr/lib/python2.7/unittest/case.py", line 331, in run
    testMethod()
  File "/home/priit/cryptodev/git/GreenhouseCI-Android/GreenhouseCI/appium/python/error_test.py", line 29, in test_error
    self.assertEqual(text, 'This text is not in app')
'global name \'text\' is not defined\n-------------------- >> begin captured logging << --------------------\nselenium.webdriver.remote.remote_connection: DEBUG: POST http://127.0.0.1:4723/wd/hub/session {"desiredCapabilities": {"platformVersion": "4.2", "deviceName": "Android Emulator", "app": "/home/priit/cryptodev/git/GreenhouseCI-Android/GreenhouseCI/build/outputs/apk/GreenhouseCI-debug.apk", "platformName": "Android"}}\nselenium.webdriver.remote.remote_connection: DEBUG: Finished Request\n--------------------- >> end captured logging << ---------------------']]></error></testcase><testcase classname="failing_test.SimpleAndroidTests" name="test_fail_text_mismatch" time="8.364"><failure type="exceptions.AssertionError" message="u'GreenhouseCI' != 'This text is not in app'&#10;-------------------- &gt;&gt; begin captured logging &lt;&lt; --------------------&#10;selenium.webdriver.remote.remote_connection: DEBUG: POST http://127.0.0.1:4723/wd/hub/session {&quot;desiredCapabilities&quot;: {&quot;platformVersion&quot;: &quot;4.2&quot;, &quot;deviceName&quot;: &quot;Android Emulator&quot;, &quot;app&quot;: &quot;/home/priit/cryptodev/git/GreenhouseCI-Android/GreenhouseCI/build/outputs/apk/GreenhouseCI-debug.apk&quot;, &quot;platformName&quot;: &quot;Android&quot;}}&#10;selenium.webdriver.remote.remote_connection: DEBUG: Finished Request&#10;selenium.webdriver.remote.remote_connection: DEBUG: POST http://127.0.0.1:4723/wd/hub/session/eb2e3002-0ab6-45f7-8013-17fe53c6ad5e/element {&quot;using&quot;: &quot;class name&quot;, &quot;sessionId&quot;: &quot;eb2e3002-0ab6-45f7-8013-17fe53c6ad5e&quot;, &quot;value&quot;: &quot;android.widget.TextView&quot;}&#10;selenium.webdriver.remote.remote_connection: DEBUG: Finished Request&#10;selenium.webdriver.remote.remote_connection: DEBUG: GET http://127.0.0.1:4723/wd/hub/session/eb2e3002-0ab6-45f7-8013-17fe53c6ad5e/element/1/text {&quot;sessionId&quot;: &quot;eb2e3002-0ab6-45f7-8013-17fe53c6ad5e&quot;, &quot;id&quot;: &quot;1&quot;}&#10;selenium.webdriver.remote.remote_connection: DEBUG: Finished Request&#10;--------------------- &gt;&gt; end captured logging &lt;&lt; ---------------------"><![CDATA[  File "/usr/lib/python2.7/unittest/case.py", line 331, in run
    testMethod()
  File "/home/priit/cryptodev/git/GreenhouseCI-Android/GreenhouseCI/appium/python/failing_test.py", line 29, in test_fail_text_mismatch
    self.assertEqual(tv.text, 'This text is not in app')
  File "/usr/lib/python2.7/unittest/case.py", line 515, in assertEqual
    assertion_func(first, second, msg=msg)
  File "/usr/lib/python2.7/unittest/case.py", line 508, in _baseAssertEqual
    raise self.failureException(msg)
'u\'GreenhouseCI\' != \'This text is not in app\'\n-------------------- >> begin captured logging << --------------------\nselenium.webdriver.remote.remote_connection: DEBUG: POST http://127.0.0.1:4723/wd/hub/session {"desiredCapabilities": {"platformVersion": "4.2", "deviceName": "Android Emulator", "app": "/home/priit/cryptodev/git/GreenhouseCI-Android/GreenhouseCI/build/outputs/apk/GreenhouseCI-debug.apk", "platformName": "Android"}}\nselenium.webdriver.remote.remote_connection: DEBUG: Finished Request\nselenium.webdriver.remote.remote_connection: DEBUG: POST http://127.0.0.1:4723/wd/hub/session/eb2e3002-0ab6-45f7-8013-17fe53c6ad5e/element {"using": "class name", "sessionId": "eb2e3002-0ab6-45f7-8013-17fe53c6ad5e", "value": "android.widget.TextView"}\nselenium.webdriver.remote.remote_connection: DEBUG: Finished Request\nselenium.webdriver.remote.remote_connection: DEBUG: GET http://127.0.0.1:4723/wd/hub/session/eb2e3002-0ab6-45f7-8013-17fe53c6ad5e/element/1/text {"sessionId": "eb2e3002-0ab6-45f7-8013-17fe53c6ad5e", "id": "1"}\nselenium.webdriver.remote.remote_connection: DEBUG: Finished Request\n--------------------- >> end captured logging << ---------------------']]></failure></testcase><testcase classname="failing_test.SimpleAndroidTests" name="test_textview_displayed" time="8.177"><failure type="exceptions.AssertionError" message='True is not false&#10;-------------------- &gt;&gt; begin captured logging &lt;&lt; --------------------&#10;selenium.webdriver.remote.remote_connection: DEBUG: POST http://127.0.0.1:4723/wd/hub/session {"desiredCapabilities": {"platformVersion": "4.2", "deviceName": "Android Emulator", "app": "/home/priit/cryptodev/git/GreenhouseCI-Android/GreenhouseCI/build/outputs/apk/GreenhouseCI-debug.apk", "platformName": "Android"}}&#10;selenium.webdriver.remote.remote_connection: DEBUG: Finished Request&#10;selenium.webdriver.remote.remote_connection: DEBUG: POST http://127.0.0.1:4723/wd/hub/session/b6b0a418-a4fd-49d8-969c-3f43aaf6a870/element {"using": "class name", "sessionId": "b6b0a418-a4fd-49d8-969c-3f43aaf6a870", "value": "android.widget.TextView"}&#10;selenium.webdriver.remote.remote_connection: DEBUG: Finished Request&#10;selenium.webdriver.remote.remote_connection: DEBUG: GET http://127.0.0.1:4723/wd/hub/session/b6b0a418-a4fd-49d8-969c-3f43aaf6a870/element/1/displayed {"sessionId": "b6b0a418-a4fd-49d8-969c-3f43aaf6a870", "id": "1"}&#10;selenium.webdriver.remote.remote_connection: DEBUG: Finished Request&#10;--------------------- &gt;&gt; end captured logging &lt;&lt; ---------------------'><![CDATA[  File "/usr/lib/python2.7/unittest/case.py", line 331, in run
    testMethod()
  File "/home/priit/cryptodev/git/GreenhouseCI-Android/GreenhouseCI/appium/python/failing_test.py", line 33, in test_textview_displayed
    self.assertFalse(tv.is_displayed())
  File "/usr/lib/python2.7/unittest/case.py", line 418, in assertFalse
    raise self.failureException(msg)
'True is not false\n-------------------- >> begin captured logging << --------------------\nselenium.webdriver.remote.remote_connection: DEBUG: POST http://127.0.0.1:4723/wd/hub/session {"desiredCapabilities": {"platformVersion": "4.2", "deviceName": "Android Emulator", "app": "/home/priit/cryptodev/git/GreenhouseCI-Android/GreenhouseCI/build/outputs/apk/GreenhouseCI-debug.apk", "platformName": "Android"}}\nselenium.webdriver.remote.remote_connection: DEBUG: Finished Request\nselenium.webdriver.remote.remote_connection: DEBUG: POST http://127.0.0.1:4723/wd/hub/session/b6b0a418-a4fd-49d8-969c-3f43aaf6a870/element {"using": "class name", "sessionId": "b6b0a418-a4fd-49d8-969c-3f43aaf6a870", "value": "android.widget.TextView"}\nselenium.webdriver.remote.remote_connection: DEBUG: Finished Request\nselenium.webdriver.remote.remote_connection: DEBUG: GET http://127.0.0.1:4723/wd/hub/session/b6b0a418-a4fd-49d8-969c-3f43aaf6a870/element/1/displayed {"sessionId": "b6b0a418-a4fd-49d8-969c-3f43aaf6a870", "id": "1"}\nselenium.webdriver.remote.remote_connection: DEBUG: Finished Request\n--------------------- >> end captured logging << ---------------------']]></failure></testcase><testcase classname="passing_test.SimpleAndroidTests" name="test_find_text_views" time="9.548"></testcase><testcase classname="passing_test.SimpleAndroidTests" name="test_start_activity" time="5.702"><failure type="exceptions.AssertionError" message="u'.MainActivity' == '.MainActivity'&#10;-------------------- &gt;&gt; begin captured logging &lt;&lt; --------------------&#10;selenium.webdriver.remote.remote_connection: DEBUG: POST http://127.0.0.1:4723/wd/hub/session {&quot;desiredCapabilities&quot;: {&quot;platformVersion&quot;: &quot;4.2&quot;, &quot;deviceName&quot;: &quot;Android Emulator&quot;, &quot;app&quot;: &quot;/home/priit/cryptodev/git/GreenhouseCI-Android/GreenhouseCI/build/outputs/apk/GreenhouseCI-debug.apk&quot;, &quot;platformName&quot;: &quot;Android&quot;}}&#10;selenium.webdriver.remote.remote_connection: DEBUG: Finished Request&#10;selenium.webdriver.remote.remote_connection: DEBUG: GET http://127.0.0.1:4723/wd/hub/session/89bf0cb5-7508-4f98-8161-98be5f0c6ecb/appium/device/current_activity {&quot;sessionId&quot;: &quot;89bf0cb5-7508-4f98-8161-98be5f0c6ecb&quot;}&#10;selenium.webdriver.remote.remote_connection: DEBUG: Finished Request&#10;selenium.webdriver.remote.remote_connection: DEBUG: POST http://127.0.0.1:4723/wd/hub/session/89bf0cb5-7508-4f98-8161-98be5f0c6ecb/back {&quot;sessionId&quot;: &quot;89bf0cb5-7508-4f98-8161-98be5f0c6ecb&quot;}&#10;selenium.webdriver.remote.remote_connection: DEBUG: Finished Request&#10;selenium.webdriver.remote.remote_connection: DEBUG: GET http://127.0.0.1:4723/wd/hub/session/89bf0cb5-7508-4f98-8161-98be5f0c6ecb/appium/device/current_activity {&quot;sessionId&quot;: &quot;89bf0cb5-7508-4f98-8161-98be5f0c6ecb&quot;}&#10;selenium.webdriver.remote.remote_connection: DEBUG: Finished Request&#10;--------------------- &gt;&gt; end captured logging &lt;&lt; ---------------------"><![CDATA[  File "/usr/lib/python2.7/unittest/case.py", line 331, in run
    testMethod()
  File "/home/priit/cryptodev/git/GreenhouseCI-Android/GreenhouseCI/appium/python/passing_test.py", line 47, in test_start_activity
    self.assertNotEqual(self.driver.current_activity, activity)
  File "/usr/lib/python2.7/unittest/case.py", line 524, in assertNotEqual
    raise self.failureException(msg)
'u\'.MainActivity\' == \'.MainActivity\'\n-------------------- >> begin captured logging << --------------------\nselenium.webdriver.remote.remote_connection: DEBUG: POST http://127.0.0.1:4723/wd/hub/session {"desiredCapabilities": {"platformVersion": "4.2", "deviceName": "Android Emulator", "app": "/home/priit/cryptodev/git/GreenhouseCI-Android/GreenhouseCI/build/outputs/apk/GreenhouseCI-debug.apk", "platformName": "Android"}}\nselenium.webdriver.remote.remote_connection: DEBUG: Finished Request\nselenium.webdriver.remote.remote_connection: DEBUG: GET http://127.0.0.1:4723/wd/hub/session/89bf0cb5-7508-4f98-8161-98be5f0c6ecb/appium/device/current_activity {"sessionId": "89bf0cb5-7508-4f98-8161-98be5f0c6ecb"}\nselenium.webdriver.remote.remote_connection: DEBUG: Finished Request\nselenium.webdriver.remote.remote_connection: DEBUG: POST http://127.0.0.1:4723/wd/hub/session/89bf0cb5-7508-4f98-8161-98be5f0c6ecb/back {"sessionId": "89bf0cb5-7508-4f98-8161-98be5f0c6ecb"}\nselenium.webdriver.remote.remote_connection: DEBUG: Finished Request\nselenium.webdriver.remote.remote_connection: DEBUG: GET http://127.0.0.1:4723/wd/hub/session/89bf0cb5-7508-4f98-8161-98be5f0c6ecb/appium/device/current_activity {"sessionId": "89bf0cb5-7508-4f98-8161-98be5f0c6ecb"}\nselenium.webdriver.remote.remote_connection: DEBUG: Finished Request\n--------------------- >> end captured logging << ---------------------']]></failure></testcase><testcase classname="skipping_test.SimpleAndroidTests" name="test_skip1" time="6.942"></testcase><testcase classname="skipping_test.SimpleAndroidTests" name="test_skip2" time="6.039"></testcase></testsuite>